ffmpeg started on 2024-08-18 at 12:43:46
Report written to "ffmpeg-20240818-124346.log"
Log level: 48
Command line:
"C:\\ProgramData\\chocolatey\\lib\\ffmpeg\\tools\\ffmpeg\\bin\\ffmpeg.exe" -i google_sample_2.mp4 -vf "subtitles=es_subtitles.srt" -c:a copy google_with_subtitles_es.mp4 -report
ffmpeg version 7.0.2-essentials_build-www.gyan.dev Copyright (c) 2000-2024 the FFmpeg developers
  built with gcc 13.2.0 (Rev5, Built by MSYS2 project)
  configuration: --enable-gpl --enable-version3 --enable-static --disable-w32threads --disable-autodetect --enable-fontconfig --enable-iconv --enable-gnutls --enable-libxml2 --enable-gmp --enable-bzlib --enable-lzma --enable-zlib --enable-libsrt --enable-libssh --enable-libzmq --enable-avisynth --enable-sdl2 --enable-libwebp --enable-libx264 --enable-libx265 --enable-libxvid --enable-libaom --enable-libopenjpeg --enable-libvpx --enable-mediafoundation --enable-libass --enable-libfreetype --enable-libfribidi --enable-libharfbuzz --enable-libvidstab --enable-libvmaf --enable-libzimg --enable-amf --enable-cuda-llvm --enable-cuvid --enable-dxva2 --enable-d3d11va --enable-d3d12va --enable-ffnvcodec --enable-libvpl --enable-nvdec --enable-nvenc --enable-vaapi --enable-libgme --enable-libopenmpt --enable-libopencore-amrwb --enable-libmp3lame --enable-libtheora --enable-libvo-amrwbenc --enable-libgsm --enable-libopencore-amrnb --enable-libopus --enable-libspeex --enable-libvorbis --enable-librubberband
  libavutil      59.  8.100 / 59.  8.100
  libavcodec     61.  3.100 / 61.  3.100
  libavformat    61.  1.100 / 61.  1.100
  libavdevice    61.  1.100 / 61.  1.100
  libavfilter    10.  1.100 / 10.  1.100
  libswscale      8.  1.100 /  8.  1.100
  libswresample   5.  1.100 /  5.  1.100
  libpostproc    58.  1.100 / 58.  1.100
Splitting the commandline.
Reading option '-i' ... matched as input url with argument 'google_sample_2.mp4'.
Reading option '-vf' ... matched as option 'vf' (alias for -filter:v (apply filters to video streams)) with argument 'subtitles=es_subtitles.srt'.
Reading option '-c:a' ... matched as option 'c' (select encoder/decoder ('copy' to copy stream without reencoding)) with argument 'copy'.
Reading option 'google_with_subtitles_es.mp4' ... matched as output url.
Reading option '-report' ... matched as option 'report' (generate a report) with argument '1'.
Finished splitting the commandline.
Parsing a group of options: global .
Applying option report (generate a report) with argument 1.
Successfully parsed a group of options.
Parsing a group of options: input url google_sample_2.mp4.
Successfully parsed a group of options.
Opening an input file: google_sample_2.mp4.
[AVFormatContext @ 0000029ba91f1480] Opening 'google_sample_2.mp4' for reading
[file @ 0000029ba91f1b00] Setting default whitelist 'file,crypto,data'
[mov,mp4,m4a,3gp,3g2,mj2 @ 0000029ba91f1480] Format mov,mp4,m4a,3gp,3g2,mj2 probed with size=2048 and score=100
[mov,mp4,m4a,3gp,3g2,mj2 @ 0000029ba91f1480] ISO: File Type Major Brand: mp42
[mov,mp4,m4a,3gp,3g2,mj2 @ 0000029ba91f1480] Detected creation time before 1970, parsing as unix timestamp.
[mov,mp4,m4a,3gp,3g2,mj2 @ 0000029ba91f1480] Unknown dref type 0x206c7275 size 12
[mov,mp4,m4a,3gp,3g2,mj2 @ 0000029ba91f1480] Setting codecpar->delay to 0 for stream st: 0
[mov,mp4,m4a,3gp,3g2,mj2 @ 0000029ba91f1480] Detected creation time before 1970, parsing as unix timestamp.
[mov,mp4,m4a,3gp,3g2,mj2 @ 0000029ba91f1480] Unknown dref type 0x206c7275 size 12
[mov,mp4,m4a,3gp,3g2,mj2 @ 0000029ba91f1480] Unhandled or malformed custom metadata of size 64
[mov,mp4,m4a,3gp,3g2,mj2 @ 0000029ba91f1480] Before avformat_find_stream_info() pos: 62752 bytes read:65536 seeks:0 nb_streams:2
[h264 @ 0000029ba9203080] nal_unit_type: 7(SPS), nal_ref_idc: 3
[h264 @ 0000029ba9203080] Decoding VUI
[h264 @ 0000029ba9203080] nal_unit_type: 8(PPS), nal_ref_idc: 3
Transform tree:
    mdct_inv_float_avx2 - type: mdct_float, len: 64, factors[2]: [2, any], flags: [aligned, out_of_place, inv_only]
        fft32_asm_float_fma3 - type: fft_float, len: 32, factor: 2, flags: [aligned, inplace, out_of_place, preshuf, asm_call]
Transform tree:
    mdct_inv_float_avx2 - type: mdct_float, len: 64, factors[2]: [2, any], flags: [aligned, out_of_place, inv_only]
        fft32_asm_float_fma3 - type: fft_float, len: 32, factor: 2, flags: [aligned, inplace, out_of_place, preshuf, asm_call]
Transform tree:
    mdct_inv_float_avx2 - type: mdct_float, len: 120, factors[2]: [2, any], flags: [aligned, out_of_place, inv_only]
        fft_pfa_15xM_asm_float_avx2 - type: fft_float, len: 60, factors[2]: [15, 2], flags: [aligned, inplace, out_of_place, preshuf, asm_call]
            fft4_fwd_asm_float_sse2 - type: fft_float, len: 4, factor: 2, flags: [aligned, inplace, out_of_place, preshuf, asm_call]
Transform tree:
    mdct_inv_float_avx2 - type: mdct_float, len: 128, factors[2]: [2, any], flags: [aligned, out_of_place, inv_only]
        fft_sr_asm_float_avx2 - type: fft_float, len: 64, factor: 2, flags: [aligned, inplace, out_of_place, preshuf, asm_call]
Transform tree:
    mdct_inv_float_avx2 - type: mdct_float, len: 480, factors[2]: [2, any], flags: [aligned, out_of_place, inv_only]
        fft_pfa_15xM_asm_float_avx2 - type: fft_float, len: 240, factors[2]: [15, 2], flags: [aligned, inplace, out_of_place, preshuf, asm_call]
            fft16_asm_float_fma3 - type: fft_float, len: 16, factor: 2, flags: [aligned, inplace, out_of_place, preshuf, asm_call]
Transform tree:
    mdct_inv_float_avx2 - type: mdct_float, len: 512, factors[2]: [2, any], flags: [aligned, out_of_place, inv_only]
        fft_sr_asm_float_avx2 - type: fft_float, len: 256, factor: 2, flags: [aligned, inplace, out_of_place, preshuf, asm_call]
Transform tree:
    mdct_inv_float_avx2 - type: mdct_float, len: 960, factors[2]: [2, any], flags: [aligned, out_of_place, inv_only]
        fft_pfa_15xM_asm_float_avx2 - type: fft_float, len: 480, factors[2]: [15, 2], flags: [aligned, inplace, out_of_place, preshuf, asm_call]
            fft32_asm_float_fma3 - type: fft_float, len: 32, factor: 2, flags: [aligned, inplace, out_of_place, preshuf, asm_call]
Transform tree:
    mdct_inv_float_avx2 - type: mdct_float, len: 1024, factors[2]: [2, any], flags: [aligned, out_of_place, inv_only]
        fft_sr_asm_float_avx2 - type: fft_float, len: 512, factor: 2, flags: [aligned, inplace, out_of_place, preshuf, asm_call]
Transform tree:
    mdct_fwd_float_c - type: mdct_float, len: 1024, factors[2]: [2, any], flags: [unaligned, out_of_place, fwd_only]
        fft_sr_ns_float_avx2 - type: fft_float, len: 512, factor: 2, flags: [aligned, inplace, out_of_place, preshuf]
[h264 @ 0000029ba9203080] nal_unit_type: 7(SPS), nal_ref_idc: 3
[h264 @ 0000029ba9203080] Decoding VUI
[h264 @ 0000029ba9203080] nal_unit_type: 8(PPS), nal_ref_idc: 3
[h264 @ 0000029ba9203080] nal_unit_type: 5(IDR), nal_ref_idc: 3
[h264 @ 0000029ba9203080] Format yuv420p chosen by get_format().
[h264 @ 0000029ba9203080] Reinit context to 1920x1088, pix_fmt: yuv420p
[mov,mp4,m4a,3gp,3g2,mj2 @ 0000029ba91f1480] All info found
[mov,mp4,m4a,3gp,3g2,mj2 @ 0000029ba91f1480] After avformat_find_stream_info() pos: 64906 bytes read:65536 seeks:0 frames:4
Input #0, mov,mp4,m4a,3gp,3g2,mj2, from 'google_sample_2.mp4':
  Metadata:
    major_brand     : mp42
    minor_version   : 512
    compatible_brands: mp42
    creation_time   : 2024-08-18T06:49:42.000000Z
    media_type      : 0
    season_number   : 0
    episode_sort    : 0
    hd_video        : 0
    iTunMOVI        : <?xml version="1.0" encoding="UTF-8"?><!DOCTYPE plist PUBLIC "-//Apple Computer//DTD PLIST 1.0//EN"  "http://www.apple.com/DTDs/PropertyList-1.0.dtd"><plist version="1.0"><dict><key>studio</key><string>studio</string><key>cast</key><array><dict><key>name<
  Duration: 00:00:30.02, start: 0.000000, bitrate: 4260 kb/s
  Stream #0:0[0x1](eng), 1, 1/250: Video: h264 (High) (avc1 / 0x31637661), yuv420p(tv, bt709, progressive), 1920x1080 [SAR 1:1 DAR 16:9], 4054 kb/s, 25 fps, 25 tbr, 250 tbn (default)
      Metadata:
        creation_time   : 2024-08-18T06:49:42.000000Z
        handler_name    : VideoHandler
        vendor_id       : [0][0][0][0]
        encoder         : h264
  Stream #0:1[0x2](eng), 3, 1/44100: Audio: aac (LC) (mp4a / 0x6134706D), 44100 Hz, stereo, fltp, 192 kb/s (default)
      Metadata:
        creation_time   : 2024-08-18T06:49:42.000000Z
        handler_name    : SoundHandler
        vendor_id       : [0][0][0][0]
Successfully opened the file.
Parsing a group of options: output url google_with_subtitles_es.mp4.
Applying option vf (alias for -filter:v (apply filters to video streams)) with argument subtitles=es_subtitles.srt.
Applying option c:a (select encoder/decoder ('copy' to copy stream without reencoding)) with argument copy.
Successfully parsed a group of options.
Opening an output file: google_with_subtitles_es.mp4.
[out#0/mp4 @ 0000029ba91f1900] No explicit maps, mapping streams automatically...
[vost#0:0/libx264 @ 0000029ba9614040] Created video stream from input stream 0:0
[AVFilterGraph @ 0000029ba920c3c0] Setting 'filename' to value 'es_subtitles.srt'
[Parsed_subtitles_0 @ 0000029ba9615ec0] libass API version: 0x1703000
[Parsed_subtitles_0 @ 0000029ba9615ec0] libass source: commit: 0.17.3-6-gc5bb87e2f5d6c18763b4614817c206a4f4d2332a
[Parsed_subtitles_0 @ 0000029ba9615ec0] Raster: FreeType 2.13.2
[Parsed_subtitles_0 @ 0000029ba9615ec0] Shaper: FriBidi 1.0.15 (SIMPLE) HarfBuzz-ng 9.0.0 (COMPLEX)
[Parsed_subtitles_0 @ 0000029ba9615ec0] Initialized
[AVFormatContext @ 0000029ba98acc40] Opening 'es_subtitles.srt' for reading
[file @ 0000029ba920b940] Setting default whitelist 'file,crypto,data'
[Parsed_subtitles_0 @ 0000029ba9615ec0] Unable to open es_subtitles.srt
[AVFilterGraph @ 0000029ba920c3c0] Error initializing filters
[vost#0:0/libx264 @ 0000029ba9614040] Error initializing a simple filtergraph
Error opening output file google_with_subtitles_es.mp4.
Error opening output files: No such file or directory
[AVIOContext @ 0000029ba91fa680] Statistics: 65536 bytes read, 0 seeks
